Change Component Designator: Old Designator=C1500 New Designator=C1501
Change Component Designator: Old Designator=C1501 New Designator=C1502
Change Component Designator: Old Designator=C1502 New Designator=C1503
Change Component Designator: Old Designator=C1503 New Designator=C1504
Change Component Designator: Old Designator=C1504 New Designator=C1505
Change Component Designator: Old Designator=C1505 New Designator=C1506
Change Component Designator: Old Designator=C1506 New Designator=C1507
Change Component Designator: Old Designator=C1507 New Designator=C1508
Change Component Designator: Old Designator=C1508 New Designator=C1509
Change Component Designator: Old Designator=C1509 New Designator=C1510
Change Component Designator: Old Designator=IC1500 New Designator=IC1501
Change Component Designator: Old Designator=L1500 New Designator=L1501
Change Component Designator: Old Designator=P1500 New Designator=P1501
Change Component Designator: Old Designator=Q1500 New Designator=Q1501
Change Component Designator: Old Designator=Q1501 New Designator=Q1502
Change Component Designator: Old Designator=R1500 New Designator=R1501
Change Component Designator: Old Designator=R1501 New Designator=R1502
Change Component Designator: Old Designator=R1502 New Designator=R1503
Change Component Designator: Old Designator=R1503 New Designator=R1504
Change Component Designator: Old Designator=R1504 New Designator=R1505
Change Component Designator: Old Designator=R1505 New Designator=R1506
Change Component Designator: Old Designator=R1506 New Designator=R1507
Change Component Designator: Old Designator=R1507 New Designator=R1508
