Change Component Designator: Old Designator=C600 New Designator=C613
Change Component Designator: Old Designator=C601 New Designator=C614
Change Component Designator: Old Designator=C602 New Designator=C605
Change Component Designator: Old Designator=C603 New Designator=C606
Change Component Designator: Old Designator=C604 New Designator=C607
Change Component Designator: Old Designator=C605 New Designator=C608
Change Component Designator: Old Designator=C606 New Designator=C609
Change Component Designator: Old Designator=C607 New Designator=C610
Change Component Designator: Old Designator=C608 New Designator=C611
Change Component Designator: Old Designator=C609 New Designator=C612
Change Component Designator: Old Designator=C? New Designator=C601
Change Component Designator: Old Designator=C? New Designator=C602
Change Component Designator: Old Designator=C? New Designator=C603
Change Component Designator: Old Designator=C? New Designator=C604
Change Component Designator: Old Designator=C? New Designator=C615
Change Component Designator: Old Designator=IC? New Designator=IC601
Change Component Designator: Old Designator=J? New Designator=J602
Change Component Designator: Old Designator=L? New Designator=L601
Change Component Designator: Old Designator=R? New Designator=R601
Change Component Designator: Old Designator=R? New Designator=R602
Change Component Designator: Old Designator=R? New Designator=R603
Change Component Designator: Old Designator=R? New Designator=R604
Change Component Designator: Old Designator=S? New Designator=S601
Change Component Designator: Old Designator=Y600 New Designator=Y602
