Change Component Designator: Old Designator=C? New Designator=C600
Change Component Designator: Old Designator=C? New Designator=C601
Change Component Designator: Old Designator=C? New Designator=C602
Change Component Designator: Old Designator=C? New Designator=C603
Change Component Designator: Old Designator=C? New Designator=C604
Change Component Designator: Old Designator=C? New Designator=C605
Change Component Designator: Old Designator=C? New Designator=C606
Change Component Designator: Old Designator=C? New Designator=C607
Change Component Designator: Old Designator=C? New Designator=C608
Change Component Designator: Old Designator=C? New Designator=C609
Change Component Designator: Old Designator=C? New Designator=C610
Change Component Designator: Old Designator=C? New Designator=C611
Change Component Designator: Old Designator=C? New Designator=C612
Change Component Designator: Old Designator=C? New Designator=C613
Change Component Designator: Old Designator=C? New Designator=C614
Change Component Designator: Old Designator=J? New Designator=J600
Change Component Designator: Old Designator=J? New Designator=J601
Change Component Designator: Old Designator=L? New Designator=L600
Change Component Designator: Old Designator=P? New Designator=P600
Change Component Designator: Old Designator=P? New Designator=P601
Change Component Designator: Old Designator=R? New Designator=R600
Change Component Designator: Old Designator=R? New Designator=R601
Change Component Designator: Old Designator=R? New Designator=R602
Change Component Designator: Old Designator=R? New Designator=R603
Change Component Designator: Old Designator=R? New Designator=R604
Change Component Designator: Old Designator=R? New Designator=R605
Change Component Designator: Old Designator=R? New Designator=R606
Change Component Designator: Old Designator=S? New Designator=S600
Change Component Designator: Old Designator=U? New Designator=U600
Change Component Designator: Old Designator=Y? New Designator=Y600
Change Component Designator: Old Designator=Y? New Designator=Y601
