Change Component Designator: Old Designator=C? New Designator=C1500
Change Component Designator: Old Designator=C? New Designator=C1501
Change Component Designator: Old Designator=C? New Designator=C1502
Change Component Designator: Old Designator=C? New Designator=C1503
Change Component Designator: Old Designator=C? New Designator=C1504
Change Component Designator: Old Designator=C? New Designator=C1505
Change Component Designator: Old Designator=C? New Designator=C1506
Change Component Designator: Old Designator=C? New Designator=C1507
Change Component Designator: Old Designator=C? New Designator=C1508
Change Component Designator: Old Designator=C? New Designator=C1509
Change Component Designator: Old Designator=IC? New Designator=IC1500
Change Component Designator: Old Designator=L? New Designator=L1500
Change Component Designator: Old Designator=P? New Designator=P1500
Change Component Designator: Old Designator=Q? New Designator=Q1500
Change Component Designator: Old Designator=Q? New Designator=Q1501
Change Component Designator: Old Designator=R? New Designator=R1500
Change Component Designator: Old Designator=R? New Designator=R1501
Change Component Designator: Old Designator=R? New Designator=R1502
Change Component Designator: Old Designator=R? New Designator=R1503
Change Component Designator: Old Designator=R? New Designator=R1504
Change Component Designator: Old Designator=R? New Designator=R1505
Change Component Designator: Old Designator=R? New Designator=R1506
Change Component Designator: Old Designator=R? New Designator=R1507
